[1/101] Processing file /Users/katz/workspace/orgb/src/Press.cpp.
PLEASE submit a bug report to https://github.com/Homebrew/homebrew-core/issues and include the crash backtrace.
Stack dump:
0.	Program arguments: /opt/homebrew/opt/llvm@19/bin/clang-tidy --config-file=.clang-tidy src/Press.cpp src/KeyState.hpp src/ofAppKeyboardComms.cpp src/Forms/Particle.cpp src/Forms/Lightning/RapidThunder.hpp src/Forms/Lightning/Thunder.hpp src/Forms/Lightning/LightningBolt.hpp src/Forms/Lightning/LightningBolt.cpp src/Forms/Lightning/RapidThunder.cpp src/Forms/Lightning/Thunder.cpp src/Forms/BaseParticle.cpp src/Forms/VisualForm.cpp src/Forms/SizedSprite.cpp src/Forms/Flock.hpp src/Forms/Lotus.cpp src/Forms/Shapes/NoiseGrid.hpp src/Forms/Shapes/MeshGrid.cpp src/Forms/Shapes/GlowShape.hpp src/Forms/Shapes/Shape.hpp src/Forms/Shapes/FatGlowShape.cpp src/Forms/Shapes/Shape.cpp src/Forms/Shapes/FatGlowShape.hpp src/Forms/Shapes/NoiseGrid.cpp src/Forms/Shapes/MeshGrid.hpp src/Forms/Shapes/GlowShape.cpp src/Forms/ImageSprocket.hpp src/Forms/Particles/EdgeParticles.hpp src/Forms/Particles/RandomParticles.hpp src/Forms/Particles/RadialParticles.cpp src/Forms/Particles/GravityParticles.cpp src/Forms/Particles/BaseParticles.cpp src/Forms/Particles/GravityParticles.hpp src/Forms/Particles/BaseParticles.hpp src/Forms/Particles/EdgeParticles.cpp src/Forms/Particles/RandomParticles.cpp src/Forms/Particles/RadialParticles.hpp src/Forms/Field.hpp src/Forms/VisualForm.hpp src/Forms/SizedSprite.hpp src/Forms/Flock.cpp src/Forms/Lotus.hpp src/Forms/ImageSprocket.cpp src/Forms/Waves/PointWaves.cpp src/Forms/Waves/LaserWaves.hpp src/Forms/Waves/BaseWaves.hpp src/Forms/Waves/EdgeLasers.cpp src/Forms/Waves/PointWaves.hpp src/Forms/Waves/LaserWaves.cpp src/Forms/Waves/BaseWaves.cpp src/Forms/Waves/EdgeLasers.hpp src/Forms/Field.cpp src/Forms/ofAppUtilities.cpp src/Forms/Glow/Orbit.hpp src/Forms/Glow/GlowLinePlayground.cpp src/Forms/Glow/GlowLinePlayground.hpp src/Forms/Glow/Orbit.cpp src/Forms/BaseParticle.hpp src/core/MathUtils.hpp src/core/Random.hpp src/core/Color.hpp src/ofAppOSCComms.cpp src/DrawManager.cpp src/ColorProvider.hpp src/ofAppLogo.cpp src/ShaderPipeline.hpp src/ColorUtilities.hpp src/ShaderEffect.hpp src/ShaderHotReloader.hpp src/DrawContext.cpp src/ImageWrapper.hpp src/Utilities.cpp src/ColorProvider.cpp src/DrawManager.hpp src/ShaderPipeline.cpp src/ColorUtilities.cpp src/ofApp.cpp src/DrawContext.hpp src/ShaderEffect.cpp src/ImageWrapper.cpp src/Utilities.hpp src/Press.hpp src/3rdparty/json.hpp src/KeyState.cpp src/ofAppLED.cpp src/Effects/VHSGlitchEffect.hpp src/Effects/FilmGrainEffect.hpp src/Effects/ScanlinesEffect.hpp src/Effects/FeedbackEffect.cpp src/Effects/ChromaticAberrationEffect.hpp src/Effects/DisplacementEffect.hpp src/Effects/ChromaticAberrationEffect.cpp src/Effects/DisplacementEffect.cpp src/Effects/AllEffects.hpp src/Effects/VHSGlitchEffect.cpp src/Effects/FilmGrainEffect.cpp src/Effects/ScanlinesEffect.cpp src/Effects/FeedbackEffect.hpp src/main.cpp src/ofAppIO.cpp src/ofAppMqttComms.cpp src/ofAppNDIComponents.cpp
1.	<eof> parser at end of file
2.	ASTMatcher: Processing 'readability-identifier-naming' against:
	TranslationUnitDecl : <<invalid sloc>>
No bound nodes
 #0 0x0000000114af48e0 llvm::sys::PrintStackTrace(llvm::raw_ostream&, int) (/opt/homebrew/Cellar/llvm@19/19.1.7/lib/libLLVM.dylib+0x1608e0)
 #1 0x0000000114af2854 llvm::sys::RunSignalHandlers() (/opt/homebrew/Cellar/llvm@19/19.1.7/lib/libLLVM.dylib+0x15e854)
 #2 0x0000000114af4f4c SignalHandler(int) (/opt/homebrew/Cellar/llvm@19/19.1.7/lib/libLLVM.dylib+0x160f4c)
 #3 0x00000001919d56a4 (/usr/lib/system/libsystem_platform.dylib+0x1804ad6a4)
 #4 0x000000010879165c clang::CXXRecordDecl::bases() const (/opt/homebrew/Cellar/llvm@19/19.1.7/lib/libclang-cpp.dylib+0x2cd65c)
 #5 0x0000000108975b94 clang::CXXBasePaths::lookupInBases(clang::ASTContext&, clang::CXXRecordDecl const*, llvm::function_ref<bool (clang::CXXBaseSpecifier const*, clang::CXXBasePath&)>, bool) (/opt/homebrew/Cellar/llvm@19/19.1.7/lib/libclang-cpp.dylib+0x4b1b94)
 #6 0x0000000108975378 clang::CXXRecordDecl::lookupInBases(llvm::function_ref<bool (clang::CXXBaseSpecifier const*, clang::CXXBasePath&)>, clang::CXXBasePaths&, bool) const (/opt/homebrew/Cellar/llvm@19/19.1.7/lib/libclang-cpp.dylib+0x4b1378)
 #7 0x00000001089764c0 clang::CXXRecordDecl::hasMemberName(clang::DeclarationName) const (/opt/homebrew/Cellar/llvm@19/19.1.7/lib/libclang-cpp.dylib+0x4b24c0)
 #8 0x0000000103170b3c clang::tidy::readability::IdentifierNamingCheck::findStyleKind(clang::NamedDecl const*, llvm::ArrayRef<std::__1::optional<clang::tidy::readability::IdentifierNamingCheck::NamingStyle>>, bool, bool) const (/opt/homebrew/Cellar/llvm@19/19.1.7/bin/clang-tidy+0x10055cb3c)
 #9 0x0000000103171f48 clang::tidy::readability::IdentifierNamingCheck::getDeclFailureInfo(clang::NamedDecl const*, clang::SourceManager const&) const (/opt/homebrew/Cellar/llvm@19/19.1.7/bin/clang-tidy+0x10055df48)
#10 0x000000010322d040 clang::tidy::RenamerClangTidyCheck::addUsage(clang::NamedDecl const*, clang::SourceRange, clang::SourceManager const&) (/opt/homebrew/Cellar/llvm@19/19.1.7/bin/clang-tidy+0x100619040)
#11 0x00000001032312c0 clang::RecursiveASTVisitor<clang::tidy::(anonymous namespace)::RenamerClangTidyVisitor>::TraverseFunctionDecl(clang::FunctionDecl*) (/opt/homebrew/Cellar/llvm@19/19.1.7/bin/clang-tidy+0x10061d2c0)
#12 0x000000010322efa8 clang::RecursiveASTVisitor<clang::tidy::(anonymous namespace)::RenamerClangTidyVisitor>::TraverseDecl(clang::Decl*) (/opt/homebrew/Cellar/llvm@19/19.1.7/bin/clang-tidy+0x10061afa8)
#13 0x0000000103232e2c clang::RecursiveASTVisitor<clang::tidy::(anonymous namespace)::RenamerClangTidyVisitor>::TraverseCXXRecordDecl(clang::CXXRecordDecl*) (/opt/homebrew/Cellar/llvm@19/19.1.7/bin/clang-tidy+0x10061ee2c)
#14 0x000000010322f188 clang::RecursiveASTVisitor<clang::tidy::(anonymous namespace)::RenamerClangTidyVisitor>::TraverseDecl(clang::Decl*) (/opt/homebrew/Cellar/llvm@19/19.1.7/bin/clang-tidy+0x10061b188)
#15 0x000000010323c180 clang::RecursiveASTVisitor<clang::tidy::(anonymous namespace)::RenamerClangTidyVisitor>::TraverseDeclStmt(clang::DeclStmt*, llvm::SmallVectorImpl<llvm::PointerIntPair<clang::Stmt*, 1u, bool, llvm::PointerLikeTypeTraits<clang::Stmt*>, llvm::PointerIntPairInfo<clang::Stmt*, 1u, llvm::PointerLikeTypeTraits<clang::Stmt*>>>>*) (/opt/homebrew/Cellar/llvm@19/19.1.7/bin/clang-tidy+0x100628180)
#16 0x00000001032368f8 clang::RecursiveASTVisitor<clang::tidy::(anonymous namespace)::RenamerClangTidyVisitor>::TraverseStmt(clang::Stmt*, llvm::SmallVectorImpl<llvm::PointerIntPair<clang::Stmt*, 1u, bool, llvm::PointerLikeTypeTraits<clang::Stmt*>, llvm::PointerIntPairInfo<clang::Stmt*, 1u, llvm::PointerLikeTypeTraits<clang::Stmt*>>>>*) (/opt/homebrew/Cellar/llvm@19/19.1.7/bin/clang-tidy+0x1006228f8)
#17 0x000000010323ec90 clang::RecursiveASTVisitor<clang::tidy::(anonymous namespace)::RenamerClangTidyVisitor>::TraverseFunctionHelper(clang::FunctionDecl*) (/opt/homebrew/Cellar/llvm@19/19.1.7/bin/clang-tidy+0x10062ac90)
#18 0x00000001032312cc clang::RecursiveASTVisitor<clang::tidy::(anonymous namespace)::RenamerClangTidyVisitor>::TraverseFunctionDecl(clang::FunctionDecl*) (/opt/homebrew/Cellar/llvm@19/19.1.7/bin/clang-tidy+0x10061d2cc)
#19 0x000000010322efa8 clang::RecursiveASTVisitor<clang::tidy::(anonymous namespace)::RenamerClangTidyVisitor>::TraverseDecl(clang::Decl*) (/opt/homebrew/Cellar/llvm@19/19.1.7/bin/clang-tidy+0x10061afa8)
#20 0x000000010322f5d8 clang::RecursiveASTVisitor<clang::tidy::(anonymous namespace)::RenamerClangTidyVisitor>::TraverseTranslationUnitDecl(clang::TranslationUnitDecl*) (/opt/homebrew/Cellar/llvm@19/19.1.7/bin/clang-tidy+0x10061b5d8)
#21 0x000000010322eb74 clang::RecursiveASTVisitor<clang::tidy::(anonymous namespace)::RenamerClangTidyVisitor>::TraverseDecl(clang::Decl*) (/opt/homebrew/Cellar/llvm@19/19.1.7/bin/clang-tidy+0x10061ab74)
#22 0x000000010322d330 clang::tidy::RenamerClangTidyCheck::check(clang::ast_matchers::MatchFinder::MatchResult const&) (/opt/homebrew/Cellar/llvm@19/19.1.7/bin/clang-tidy+0x100619330)
#23 0x0000000108f8393c clang::ast_matchers::internal::(anonymous namespace)::MatchASTVisitor::MatchVisitor::visitMatch(clang::ast_matchers::BoundNodes const&) (/opt/homebrew/Cellar/llvm@19/19.1.7/lib/libclang-cpp.dylib+0xabf93c)
#24 0x0000000108fb405c clang::ast_matchers::internal::BoundNodesTreeBuilder::visitMatches(clang::ast_matchers::internal::BoundNodesTreeBuilder::Visitor*) (/opt/homebrew/Cellar/llvm@19/19.1.7/lib/libclang-cpp.dylib+0xaf005c)
#25 0x0000000108f831b4 clang::ast_matchers::internal::(anonymous namespace)::MatchASTVisitor::matchWithFilter(clang::DynTypedNode const&) (/opt/homebrew/Cellar/llvm@19/19.1.7/lib/libclang-cpp.dylib+0xabf1b4)
#26 0x0000000108f8515c clang::ast_matchers::internal::(anonymous namespace)::MatchASTVisitor::TraverseDecl(clang::Decl*) (/opt/homebrew/Cellar/llvm@19/19.1.7/lib/libclang-cpp.dylib+0xac115c)
#27 0x0000000108f62828 clang::ast_matchers::MatchFinder::matchAST(clang::ASTContext&) (/opt/homebrew/Cellar/llvm@19/19.1.7/lib/libclang-cpp.dylib+0xa9e828)
#28 0x000000010a3ddbfc clang::MultiplexConsumer::HandleTranslationUnit(clang::ASTContext&) (/opt/homebrew/Cellar/llvm@19/19.1.7/lib/libclang-cpp.dylib+0x1f19bfc)
#29 0x000000010869e540 clang::ParseAST(clang::Sema&, bool, bool) (/opt/homebrew/Cellar/llvm@19/19.1.7/lib/libclang-cpp.dylib+0x1da540)
#30 0x000000010a3a0060 clang::FrontendAction::Execute() (/opt/homebrew/Cellar/llvm@19/19.1.7/lib/libclang-cpp.dylib+0x1edc060)
#31 0x000000010a3289fc clang::CompilerInstance::ExecuteAction(clang::FrontendAction&) (/opt/homebrew/Cellar/llvm@19/19.1.7/lib/libclang-cpp.dylib+0x1e649fc)
#32 0x000000010a51eaa4 clang::tooling::FrontendActionFactory::runInvocation(std::__1::shared_ptr<clang::CompilerInvocation>, clang::FileManager*, std::__1::shared_ptr<clang::PCHContainerOperations>, clang::DiagnosticConsumer*) (/opt/homebrew/Cellar/llvm@19/19.1.7/lib/libclang-cpp.dylib+0x205aaa4)
#33 0x0000000102c1f914 clang::tidy::runClangTidy(clang::tidy::ClangTidyContext&, clang::tooling::CompilationDatabase const&, llvm::ArrayRef<std::__1::basic_string<char, std::__1::char_traits<char>, std::__1::allocator<char>>>, llvm::IntrusiveRefCntPtr<llvm::vfs::OverlayFileSystem>, bool, bool, llvm::StringRef)::ActionFactory::runInvocation(std::__1::shared_ptr<clang::CompilerInvocation>, clang::FileManager*, std::__1::shared_ptr<clang::PCHContainerOperations>, clang::DiagnosticConsumer*) (/opt/homebrew/Cellar/llvm@19/19.1.7/bin/clang-tidy+0x10000b914)
#34 0x000000010a51e8d8 clang::tooling::ToolInvocation::runInvocation(char const*, clang::driver::Compilation*, std::__1::shared_ptr<clang::CompilerInvocation>, std::__1::shared_ptr<clang::PCHContainerOperations>) (/opt/homebrew/Cellar/llvm@19/19.1.7/lib/libclang-cpp.dylib+0x205a8d8)
#35 0x000000010a51d5f4 clang::tooling::ToolInvocation::run() (/opt/homebrew/Cellar/llvm@19/19.1.7/lib/libclang-cpp.dylib+0x20595f4)
#36 0x000000010a520260 clang::tooling::ClangTool::run(clang::tooling::ToolAction*) (/opt/homebrew/Cellar/llvm@19/19.1.7/lib/libclang-cpp.dylib+0x205c260)
#37 0x0000000102c19f68 clang::tidy::runClangTidy(clang::tidy::ClangTidyContext&, clang::tooling::CompilationDatabase const&, llvm::ArrayRef<std::__1::basic_string<char, std::__1::char_traits<char>, std::__1::allocator<char>>>, llvm::IntrusiveRefCntPtr<llvm::vfs::OverlayFileSystem>, bool, bool, llvm::StringRef) (/opt/homebrew/Cellar/llvm@19/19.1.7/bin/clang-tidy+0x100005f68)
#38 0x0000000102c531bc clang::tidy::clangTidyMain(int, char const**) (/opt/homebrew/Cellar/llvm@19/19.1.7/bin/clang-tidy+0x10003f1bc)
#39 0x00000001915fab98 
xargs: /opt/homebrew/opt/llvm@19/bin/clang-tidy: terminated with signal 11; aborting
